<?xml version="1.0" encoding="UTF-8"?>
<!-- Generated by org.testng.reporters.JUnitReportReporter -->
<testsuite skipped="0" hostname="DESKTOP-64QEEOM" name="test.AddCategoryTest" tests="1" failures="0" timestamp="10 Dec 2021 00:55:17 GMT" time="9.485" errors="0">
  <testcase name="userShouldBeAbleToGoToSite" time="9.485" classname="test.AddCategoryTest"/>
</testsuite> <!-- test.AddCategoryTest -->
