<?xml version="1.0" encoding="UTF-8"?>
<!-- Generated by org.testng.reporters.JUnitReportReporter -->
<testsuite skipped="0" hostname="DESKTOP-64QEEOM" name="test.DupCategoryTest" tests="2" failures="0" timestamp="08 Dec 2021 06:40:20 GMT" time="7.618" errors="0">
  <testcase name="userShouldBeAbleToAddCategory" time="4.746" classname="test.DupCategoryTest"/>
  <testcase name="userShouldBeAbleToAddDupCategory" time="2.872" classname="test.DupCategoryTest"/>
</testsuite> <!-- test.DupCategoryTest -->
