<?xml version="1.0" encoding="UTF-8"?>
<!-- Generated by org.testng.reporters.JUnitReportReporter -->
<testsuite skipped="0" hostname="DESKTOP-64QEEOM" name="test.MonthDropDownTest" tests="1" failures="0" timestamp="08 Dec 2021 06:36:00 GMT" time="3.586" errors="0">
  <testcase name="monthDropDownList" time="3.586" classname="test.MonthDropDownTest"/>
</testsuite> <!-- test.MonthDropDownTest -->
